2015-04-02 17:09:14.508+0000 INFO  [o.n.s.CommunityNeoServer]: Setting startup timeout to: 120000ms based on 120000
2015-04-02 17:09:14.807+0000 INFO  [o.n.k.InternalAbstractGraphDatabase]: No locking implementation specified, defaulting to 'community'
2015-04-02 17:09:14.995+0000 INFO  [o.n.k.i.DiagnosticsManager]: --- INITIALIZED diagnostics START ---
2015-04-02 17:09:14.997+0000 INFO  [o.n.k.i.DiagnosticsManager]: Neo4j Kernel properties:
2015-04-02 17:09:15.001+0000 INFO  [o.n.k.i.DiagnosticsManager]: store_dir=/Users/kertze1/Developer/repos/2015-monsters-hackathon/server/neo4j-community-2.2.0/data/graph.db
2015-04-02 17:09:15.001+0000 INFO  [o.n.k.i.DiagnosticsManager]: remote_shell_enabled=true
2015-04-02 17:09:15.002+0000 INFO  [o.n.k.i.DiagnosticsManager]: Diagnostics providers:
2015-04-02 17:09:15.002+0000 INFO  [o.n.k.i.DiagnosticsManager]: org.neo4j.kernel.configuration.Config
2015-04-02 17:09:15.002+0000 INFO  [o.n.k.i.DiagnosticsManager]: org.neo4j.kernel.info.DiagnosticsManager
2015-04-02 17:09:15.002+0000 INFO  [o.n.k.i.DiagnosticsManager]: SYSTEM_MEMORY
2015-04-02 17:09:15.002+0000 INFO  [o.n.k.i.DiagnosticsManager]: JAVA_MEMORY
2015-04-02 17:09:15.002+0000 INFO  [o.n.k.i.DiagnosticsManager]: OPERATING_SYSTEM
2015-04-02 17:09:15.002+0000 INFO  [o.n.k.i.DiagnosticsManager]: JAVA_VIRTUAL_MACHINE
2015-04-02 17:09:15.003+0000 INFO  [o.n.k.i.DiagnosticsManager]: CLASSPATH
2015-04-02 17:09:15.003+0000 INFO  [o.n.k.i.DiagnosticsManager]: LIBRARY_PATH
2015-04-02 17:09:15.003+0000 INFO  [o.n.k.i.DiagnosticsManager]: SYSTEM_PROPERTIES
2015-04-02 17:09:15.003+0000 INFO  [o.n.k.i.DiagnosticsManager]: NETWORK
2015-04-02 17:09:15.003+0000 INFO  [o.n.k.i.DiagnosticsManager]: System memory information:
2015-04-02 17:09:15.018+0000 INFO  [o.n.k.i.DiagnosticsManager]: Total Physical memory: 16.00 GB
2015-04-02 17:09:15.018+0000 INFO  [o.n.k.i.DiagnosticsManager]: Free Physical memory: 2.73 GB
2015-04-02 17:09:15.019+0000 INFO  [o.n.k.i.DiagnosticsManager]: Committed virtual memory: 6.70 GB
2015-04-02 17:09:15.019+0000 INFO  [o.n.k.i.DiagnosticsManager]: Total swap space: 1.00 GB
2015-04-02 17:09:15.019+0000 INFO  [o.n.k.i.DiagnosticsManager]: Free swap space: 542.25 MB
2015-04-02 17:09:15.020+0000 INFO  [o.n.k.i.DiagnosticsManager]: JVM memory information:
2015-04-02 17:09:15.020+0000 INFO  [o.n.k.i.DiagnosticsManager]: Free  memory: 146.73 MB
2015-04-02 17:09:15.020+0000 INFO  [o.n.k.i.DiagnosticsManager]: Total memory: 247.50 MB
2015-04-02 17:09:15.020+0000 INFO  [o.n.k.i.DiagnosticsManager]: Max   memory: 3.94 GB
2015-04-02 17:09:15.026+0000 INFO  [o.n.k.i.DiagnosticsManager]: Garbage Collector: ParNew: [Par Eden Space, Par Survivor Space]
2015-04-02 17:09:15.026+0000 INFO  [o.n.k.i.DiagnosticsManager]: Garbage Collector: ConcurrentMarkSweep: [Par Eden Space, Par Survivor Space, CMS Old Gen, CMS Perm Gen]
2015-04-02 17:09:15.028+0000 INFO  [o.n.k.i.DiagnosticsManager]: Memory Pool: Code Cache (Non-heap memory): committed=2.44 MB, used=742.63 kB, max=48.00 MB, threshold=0.00 B
2015-04-02 17:09:15.028+0000 INFO  [o.n.k.i.DiagnosticsManager]: Memory Pool: Par Eden Space (Heap memory): committed=68.31 MB, used=1.27 MB, max=532.56 MB, threshold=?
2015-04-02 17:09:15.028+0000 INFO  [o.n.k.i.DiagnosticsManager]: Memory Pool: Par Survivor Space (Heap memory): committed=8.50 MB, used=8.50 MB, max=66.50 MB, threshold=?
2015-04-02 17:09:15.029+0000 INFO  [o.n.k.i.DiagnosticsManager]: Memory Pool: CMS Old Gen (Heap memory): committed=170.69 MB, used=91.00 MB, max=3.35 GB, threshold=0.00 B
2015-04-02 17:09:15.029+0000 INFO  [o.n.k.i.DiagnosticsManager]: Memory Pool: CMS Perm Gen (Non-heap memory): committed=20.75 MB, used=12.47 MB, max=82.00 MB, threshold=0.00 B
2015-04-02 17:09:15.029+0000 INFO  [o.n.k.i.DiagnosticsManager]: Operating system information:
2015-04-02 17:09:15.030+0000 INFO  [o.n.k.i.DiagnosticsManager]: Operating System: Mac OS X; version: 10.9.5; arch: x86_64; cpus: 8
2015-04-02 17:09:15.030+0000 INFO  [o.n.k.i.DiagnosticsManager]: Max number of file descriptors: 10240
2015-04-02 17:09:15.030+0000 INFO  [o.n.k.i.DiagnosticsManager]: Number of open file descriptors: 86
2015-04-02 17:09:15.030+0000 INFO  [o.n.k.i.DiagnosticsManager]: Process id: 10341@uoiitfrshimage2.urbanout.com
2015-04-02 17:09:15.030+0000 INFO  [o.n.k.i.DiagnosticsManager]: Byte order: LITTLE_ENDIAN
2015-04-02 17:09:15.031+0000 INFO  [o.n.k.i.DiagnosticsManager]: Local timezone: America/New_York
2015-04-02 17:09:15.031+0000 INFO  [o.n.k.i.DiagnosticsManager]: JVM information:
2015-04-02 17:09:15.031+0000 INFO  [o.n.k.i.DiagnosticsManager]: VM Name: Java HotSpot(TM) 64-Bit Server VM
2015-04-02 17:09:15.031+0000 INFO  [o.n.k.i.DiagnosticsManager]: VM Vendor: Oracle Corporation
2015-04-02 17:09:15.031+0000 INFO  [o.n.k.i.DiagnosticsManager]: VM Version: 24.75-b04
2015-04-02 17:09:15.032+0000 INFO  [o.n.k.i.DiagnosticsManager]: JIT compiler: HotSpot 64-Bit Tiered Compilers
2015-04-02 17:09:15.032+0000 INFO  [o.n.k.i.DiagnosticsManager]: VM Arguments: [-XX:+DisableExplicitGC, -Dorg.neo4j.server.properties=conf/neo4j-server.properties, -Djava.util.logging.config.file=conf/logging.properties, -Dlog4j.configuration=file:conf/log4j.properties, -XX:+UseConcMarkSweepGC, -XX:+CMSClassUnloadingEnabled, -XX:-OmitStackTraceInFastThrow, -XX:hashCode=5, -Dneo4j.ext.udc.source=tarball, -Dneo4j.home=/Users/kertze1/Developer/repos/2015-monsters-hackathon/server/neo4j-community-2.2.0, -Dneo4j.instance=/Users/kertze1/Developer/repos/2015-monsters-hackathon/server/neo4j-community-2.2.0, -Dfile.encoding=UTF-8]
2015-04-02 17:09:15.033+0000 INFO  [o.n.k.i.DiagnosticsManager]: Java classpath:
2015-04-02 17:09:15.034+0000 INFO  [o.n.k.i.DiagnosticsManager]:  [classpath + loader.0] file:/Users/kertze1/Developer/repos/2015-monsters-hackathon/server/neo4j-community-2.2.0/conf/
2015-04-02 17:09:15.034+0000 INFO  [o.n.k.i.DiagnosticsManager]:  [classpath + loader.0] file:/Users/kertze1/Developer/repos/2015-monsters-hackathon/server/neo4j-community-2.2.0/system/lib/jcl-over-slf4j-1.7.7.jar
2015-04-02 17:09:15.034+0000 INFO  [o.n.k.i.DiagnosticsManager]:  [classpath + loader.0] file:/Users/kertze1/Developer/repos/2015-monsters-hackathon/server/neo4j-community-2.2.0/system/lib/commons-compiler-2.6.1.jar
2015-04-02 17:09:15.034+0000 INFO  [o.n.k.i.DiagnosticsManager]:  [loader.1] file:/System/Library/Java/Extensions/dns_sd.jar
2015-04-02 17:09:15.034+0000 INFO  [o.n.k.i.DiagnosticsManager]:  [classpath + loader.0] file:/Users/kertze1/Developer/repos/2015-monsters-hackathon/server/neo4j-community-2.2.0/system/lib/neo4j-browser-2.2.0.jar
2015-04-02 17:09:15.034+0000 INFO  [o.n.k.i.DiagnosticsManager]:  [classpath + loader.0] file:/Users/kertze1/Developer/repos/2015-monsters-hackathon/server/neo4j-community-2.2.0/system/lib/jetty-xml-9.2.4.v20141103.jar
2015-04-02 17:09:15.034+0000 INFO  [o.n.k.i.DiagnosticsManager]:  [bootstrap] /Library/Java/JavaVirtualMachines/jdk1.7.0_75.jdk/Contents/Home/jre/lib/resources.jar
2015-04-02 17:09:15.035+0000 INFO  [o.n.k.i.DiagnosticsManager]:  [classpath + loader.0] file:/Users/kertze1/Developer/repos/2015-monsters-hackathon/server/neo4j-community-2.2.0/system/lib/jersey-servlet-1.18.1.jar
2015-04-02 17:09:15.035+0000 INFO  [o.n.k.i.DiagnosticsManager]:  [classpath + loader.0] file:/Users/kertze1/Developer/repos/2015-monsters-hackathon/server/neo4j-community-2.2.0/lib/neo4j-cypher-compiler-2.1-2.1.6.jar
2015-04-02 17:09:15.035+0000 INFO  [o.n.k.i.DiagnosticsManager]:  [loader.1] file:/System/Library/Java/Extensions/MRJToolkit.jar
2015-04-02 17:09:15.035+0000 INFO  [o.n.k.i.DiagnosticsManager]:  [loader.1] file:/Library/Java/JavaVirtualMachines/jdk1.7.0_75.jdk/Contents/Home/jre/lib/ext/dnsns.jar
2015-04-02 17:09:15.035+0000 INFO  [o.n.k.i.DiagnosticsManager]:  [classpath + loader.0] file:/Users/kertze1/Developer/repos/2015-monsters-hackathon/server/neo4j-community-2.2.0/system/lib/rrd4j-2.2.jar
2015-04-02 17:09:15.035+0000 INFO  [o.n.k.i.DiagnosticsManager]:  [bootstrap] /Library/Java/JavaVirtualMachines/jdk1.7.0_75.jdk/Contents/Home/jre/lib/sunrsasign.jar
2015-04-02 17:09:15.035+0000 INFO  [o.n.k.i.DiagnosticsManager]:  [loader.1] file:/System/Library/Java/Extensions/vecmath.jar
2015-04-02 17:09:15.035+0000 INFO  [o.n.k.i.DiagnosticsManager]:  [loader.1] file:/System/Library/Java/Extensions/libmlib_jai.jnilib
2015-04-02 17:09:15.035+0000 INFO  [o.n.k.i.DiagnosticsManager]:  [classpath + loader.0] file:/Users/kertze1/Developer/repos/2015-monsters-hackathon/server/neo4j-community-2.2.0/system/lib/logback-classic-1.1.2.jar
2015-04-02 17:09:15.035+0000 INFO  [o.n.k.i.DiagnosticsManager]:  [classpath + loader.0] file:/Users/kertze1/Developer/repos/2015-monsters-hackathon/server/neo4j-community-2.2.0/lib/org.apache.servicemix.bundles.jline-0.9.94_1.jar
2015-04-02 17:09:15.035+0000 INFO  [o.n.k.i.DiagnosticsManager]:  [bootstrap] /Library/Java/JavaVirtualMachines/jdk1.7.0_75.jdk/Contents/Home/jre/lib/charsets.jar
2015-04-02 17:09:15.035+0000 INFO  [o.n.k.i.DiagnosticsManager]:  [classpath + loader.0] file:/Users/kertze1/Developer/repos/2015-monsters-hackathon/server/neo4j-community-2.2.0/system/lib/jersey-server-1.18.1.jar
2015-04-02 17:09:15.035+0000 INFO  [o.n.k.i.DiagnosticsManager]:  [classpath + loader.0] file:/Users/kertze1/Developer/repos/2015-monsters-hackathon/server/neo4j-community-2.2.0/lib/neo4j-import-tool-2.2.0.jar
2015-04-02 17:09:15.035+0000 INFO  [o.n.k.i.DiagnosticsManager]:  [classpath + loader.0] file:/Users/kertze1/Developer/repos/2015-monsters-hackathon/server/neo4j-community-2.2.0/system/lib/scala-reflect-2.10.4.jar
2015-04-02 17:09:15.035+0000 INFO  [o.n.k.i.DiagnosticsManager]:  [classpath + loader.0] file:/Users/kertze1/Developer/repos/2015-monsters-hackathon/server/neo4j-community-2.2.0/system/lib/jackson-jaxrs-1.9.13.jar
2015-04-02 17:09:15.035+0000 INFO  [o.n.k.i.DiagnosticsManager]:  [classpath + loader.0] file:/Users/kertze1/Developer/repos/2015-monsters-hackathon/server/neo4j-community-2.2.0/lib/neo4j-jmx-2.2.0.jar
2015-04-02 17:09:15.035+0000 INFO  [o.n.k.i.DiagnosticsManager]:  [bootstrap] /Library/Java/JavaVirtualMachines/jdk1.7.0_75.jdk/Contents/Home/jre/lib/jfr.jar
2015-04-02 17:09:15.035+0000 INFO  [o.n.k.i.DiagnosticsManager]:  [classpath + loader.0] file:/Users/kertze1/Developer/repos/2015-monsters-hackathon/server/neo4j-community-2.2.0/system/lib/neo4j-server-2.2.0-static-web.jar
2015-04-02 17:09:15.035+0000 INFO  [o.n.k.i.DiagnosticsManager]:  [classpath + loader.0] file:/Users/kertze1/Developer/repos/2015-monsters-hackathon/server/neo4j-community-2.2.0/lib/neo4j-graph-algo-2.2.0.jar
2015-04-02 17:09:15.035+0000 INFO  [o.n.k.i.DiagnosticsManager]:  [loader.1] file:/System/Library/Java/Extensions/libJ3D.jnilib
2015-04-02 17:09:15.035+0000 INFO  [o.n.k.i.DiagnosticsManager]:  [classpath + loader.0] file:/Users/kertze1/Developer/repos/2015-monsters-hackathon/server/neo4j-community-2.2.0/lib/neo4j-csv-2.2.0.jar
2015-04-02 17:09:15.035+0000 INFO  [o.n.k.i.DiagnosticsManager]:  [bootstrap] /Library/Java/JavaVirtualMachines/jdk1.7.0_75.jdk/Contents/Home/jre/lib/jsse.jar
2015-04-02 17:09:15.035+0000 INFO  [o.n.k.i.DiagnosticsManager]:  [loader.1] file:/System/Library/Java/Extensions/mlibwrapper_jai.jar
2015-04-02 17:09:15.035+0000 INFO  [o.n.k.i.DiagnosticsManager]:  [classpath + loader.0] file:/Users/kertze1/Developer/repos/2015-monsters-hackathon/server/neo4j-community-2.2.0/system/lib/commons-lang-2.6.jar
2015-04-02 17:09:15.035+0000 INFO  [o.n.k.i.DiagnosticsManager]:  [classpath + loader.0] file:/Users/kertze1/Developer/repos/2015-monsters-hackathon/server/neo4j-community-2.2.0/system/lib/jersey-multipart-1.18.1.jar
2015-04-02 17:09:15.035+0000 INFO  [o.n.k.i.DiagnosticsManager]:  [classpath + loader.0] file:/Users/kertze1/Developer/repos/2015-monsters-hackathon/server/neo4j-community-2.2.0/lib/lucene-core-3.6.2.jar
2015-04-02 17:09:15.035+0000 INFO  [o.n.k.i.DiagnosticsManager]:  [classpath + loader.0] file:/Users/kertze1/Developer/repos/2015-monsters-hackathon/server/neo4j-community-2.2.0/system/lib/commons-configuration-1.10.jar
2015-04-02 17:09:15.035+0000 INFO  [o.n.k.i.DiagnosticsManager]:  [loader.1] file:/System/Library/Java/Extensions/QTJava.zip
2015-04-02 17:09:15.035+0000 INFO  [o.n.k.i.DiagnosticsManager]:  [classpath + loader.0] file:/Users/kertze1/Developer/repos/2015-monsters-hackathon/server/neo4j-community-2.2.0/system/lib/jetty-io-9.2.4.v20141103.jar
2015-04-02 17:09:15.036+0000 INFO  [o.n.k.i.DiagnosticsManager]:  [classpath + loader.0] file:/Users/kertze1/Developer/repos/2015-monsters-hackathon/server/neo4j-community-2.2.0/lib/neo4j-shell-2.2.0.jar
2015-04-02 17:09:15.036+0000 INFO  [o.n.k.i.DiagnosticsManager]:  [classpath + loader.0] file:/Users/kertze1/Developer/repos/2015-monsters-hackathon/server/neo4j-community-2.2.0/lib/neo4j-io-2.2.0.jar
2015-04-02 17:09:15.036+0000 INFO  [o.n.k.i.DiagnosticsManager]:  [classpath + loader.0] file:/Users/kertze1/Developer/repos/2015-monsters-hackathon/server/neo4j-community-2.2.0/system/lib/jetty-webapp-9.2.4.v20141103.jar
2015-04-02 17:09:15.036+0000 INFO  [o.n.k.i.DiagnosticsManager]:  [bootstrap] /Library/Java/JavaVirtualMachines/jdk1.7.0_75.jdk/Contents/Home/jre/lib/rt.jar
2015-04-02 17:09:15.036+0000 INFO  [o.n.k.i.DiagnosticsManager]:  [classpath + loader.0] file:/Users/kertze1/Developer/repos/2015-monsters-hackathon/server/neo4j-community-2.2.0/system/lib/commons-beanutils-1.8.3.jar
2015-04-02 17:09:15.036+0000 INFO  [o.n.k.i.DiagnosticsManager]:  [loader.1] file:/System/Library/Java/Extensions/libJ3DAudio.jnilib
2015-04-02 17:09:15.036+0000 INFO  [o.n.k.i.DiagnosticsManager]:  [loader.1] file:/System/Library/Java/Extensions/libAppleScriptEngine.jnilib
2015-04-02 17:09:15.036+0000 INFO  [o.n.k.i.DiagnosticsManager]:  [classpath + loader.0] file:/Users/kertze1/Developer/repos/2015-monsters-hackathon/server/neo4j-community-2.2.0/system/lib/jetty-server-9.2.4.v20141103.jar
2015-04-02 17:09:15.036+0000 INFO  [o.n.k.i.DiagnosticsManager]:  [loader.1] file:/Library/Java/JavaVirtualMachines/jdk1.7.0_75.jdk/Contents/Home/jre/lib/ext/sunjce_provider.jar
2015-04-02 17:09:15.036+0000 INFO  [o.n.k.i.DiagnosticsManager]:  [classpath + loader.0] file:/Users/kertze1/Developer/repos/2015-monsters-hackathon/server/neo4j-community-2.2.0/lib/server-api-2.2.0.jar
2015-04-02 17:09:15.036+0000 INFO  [o.n.k.i.DiagnosticsManager]:  [loader.1] file:/System/Library/Java/Extensions/j3daudio.jar
2015-04-02 17:09:15.036+0000 INFO  [o.n.k.i.DiagnosticsManager]:  [classpath + loader.0] file:/Users/kertze1/Developer/repos/2015-monsters-hackathon/server/neo4j-community-2.2.0/lib/neo4j-consistency-check-2.2.0.jar
2015-04-02 17:09:15.036+0000 INFO  [o.n.k.i.DiagnosticsManager]:  [bootstrap] /Library/Java/JavaVirtualMachines/jdk1.7.0_75.jdk/Contents/Home/jre/lib/jce.jar
2015-04-02 17:09:15.036+0000 INFO  [o.n.k.i.DiagnosticsManager]:  [loader.1] file:/System/Library/Java/Extensions/libJ3DUtils.jnilib
2015-04-02 17:09:15.036+0000 INFO  [o.n.k.i.DiagnosticsManager]:  [classpath + loader.0] file:/Users/kertze1/Developer/repos/2015-monsters-hackathon/server/neo4j-community-2.2.0/system/lib/mimepull-1.9.3.jar
2015-04-02 17:09:15.036+0000 INFO  [o.n.k.i.DiagnosticsManager]:  [classpath + loader.0] file:/Users/kertze1/Developer/repos/2015-monsters-hackathon/server/neo4j-community-2.2.0/system/lib/jetty-util-9.2.4.v20141103.jar
2015-04-02 17:09:15.036+0000 INFO  [o.n.k.i.DiagnosticsManager]:  [classpath + loader.0] file:/Users/kertze1/Developer/repos/2015-monsters-hackathon/server/neo4j-community-2.2.0/lib/concurrentlinkedhashmap-lru-1.4.jar
2015-04-02 17:09:15.036+0000 INFO  [o.n.k.i.DiagnosticsManager]:  [classpath + loader.0] file:/Users/kertze1/Developer/repos/2015-monsters-hackathon/server/neo4j-community-2.2.0/system/lib/jackson-mapper-asl-1.9.13.jar
2015-04-02 17:09:15.036+0000 INFO  [o.n.k.i.DiagnosticsManager]:  [loader.1] file:/System/Library/Java/Extensions/libQTJNative.jnilib
2015-04-02 17:09:15.036+0000 INFO  [o.n.k.i.DiagnosticsManager]:  [loader.1] file:/System/Library/Java/Extensions/j3dcore.jar
2015-04-02 17:09:15.036+0000 INFO  [o.n.k.i.DiagnosticsManager]:  [loader.1] file:/Library/Java/JavaVirtualMachines/jdk1.7.0_75.jdk/Contents/Home/jre/lib/ext/sunec.jar
2015-04-02 17:09:15.036+0000 INFO  [o.n.k.i.DiagnosticsManager]:  [loader.1] file:/usr/lib/java/libjdns_sd.jnilib
2015-04-02 17:09:15.036+0000 INFO  [o.n.k.i.DiagnosticsManager]:  [classpath + loader.0] file:/Users/kertze1/Developer/repos/2015-monsters-hackathon/server/neo4j-community-2.2.0/system/lib/jetty-http-9.2.4.v20141103.jar
2015-04-02 17:09:15.036+0000 INFO  [o.n.k.i.DiagnosticsManager]:  [classpath + loader.0] file:/Users/kertze1/Developer/repos/2015-monsters-hackathon/server/neo4j-community-2.2.0/system/lib/jersey-core-1.18.1.jar
2015-04-02 17:09:15.036+0000 INFO  [o.n.k.i.DiagnosticsManager]:  [classpath + loader.0] file:/Users/kertze1/Developer/repos/2015-monsters-hackathon/server/neo4j-community-2.2.0/system/lib/bcprov-jdk16-140.jar
2015-04-02 17:09:15.036+0000 INFO  [o.n.k.i.DiagnosticsManager]:  [classpath + loader.0] file:/Users/kertze1/Developer/repos/2015-monsters-hackathon/server/neo4j-community-2.2.0/system/lib/janino-2.6.1.jar
2015-04-02 17:09:15.036+0000 INFO  [o.n.k.i.DiagnosticsManager]:  [classpath + loader.0] file:/Users/kertze1/Developer/repos/2015-monsters-hackathon/server/neo4j-community-2.2.0/lib/neo4j-cypher-compiler-2.0-2.0.4.jar
2015-04-02 17:09:15.036+0000 INFO  [o.n.k.i.DiagnosticsManager]:  [loader.1] file:/System/Library/Java/Extensions/j3dutils.jar
2015-04-02 17:09:15.036+0000 INFO  [o.n.k.i.DiagnosticsManager]:  [classpath + loader.0] file:/Users/kertze1/Developer/repos/2015-monsters-hackathon/server/neo4j-community-2.2.0/system/lib/jackson-core-asl-1.9.13.jar
2015-04-02 17:09:15.036+0000 INFO  [o.n.k.i.DiagnosticsManager]:  [loader.1] file:/System/Library/Java/Extensions/jai_core.jar
2015-04-02 17:09:15.036+0000 INFO  [o.n.k.i.DiagnosticsManager]:  [classpath + loader.0] file:/Users/kertze1/Developer/repos/2015-monsters-hackathon/server/neo4j-community-2.2.0/system/lib/jetty-servlet-9.2.4.v20141103.jar
2015-04-02 17:09:15.037+0000 INFO  [o.n.k.i.DiagnosticsManager]:  [classpath + loader.0] file:/Users/kertze1/Developer/repos/2015-monsters-hackathon/server/neo4j-community-2.2.0/system/lib/commons-io-2.4.jar
2015-04-02 17:09:15.037+0000 INFO  [o.n.k.i.DiagnosticsManager]:  [classpath + loader.0] file:/Users/kertze1/Developer/repos/2015-monsters-hackathon/server/neo4j-community-2.2.0/lib/neo4j-cypher-compiler-2.2-2.2.0.jar
2015-04-02 17:09:15.037+0000 INFO  [o.n.k.i.DiagnosticsManager]:  [classpath + loader.0] file:/Users/kertze1/Developer/repos/2015-monsters-hackathon/server/neo4j-community-2.2.0/lib/parboiled-core-1.1.6.jar
2015-04-02 17:09:15.037+0000 INFO  [o.n.k.i.DiagnosticsManager]:  [classpath + loader.0] file:/Users/kertze1/Developer/repos/2015-monsters-hackathon/server/neo4j-community-2.2.0/system/lib/jsr311-api-1.1.2.r612.jar
2015-04-02 17:09:15.037+0000 INFO  [o.n.k.i.DiagnosticsManager]:  [classpath + loader.0] file:/Users/kertze1/Developer/repos/2015-monsters-hackathon/server/neo4j-community-2.2.0/system/lib/commons-digester-2.1.jar
2015-04-02 17:09:15.037+0000 INFO  [o.n.k.i.DiagnosticsManager]:  [classpath + loader.0] file:/Users/kertze1/Developer/repos/2015-monsters-hackathon/server/neo4j-community-2.2.0/lib/neo4j-kernel-2.2.0.jar
2015-04-02 17:09:15.037+0000 INFO  [o.n.k.i.DiagnosticsManager]:  [loader.1] file:/System/Library/Java/Extensions/jai_codec.jar
2015-04-02 17:09:15.037+0000 INFO  [o.n.k.i.DiagnosticsManager]:  [classpath + loader.0] file:/Users/kertze1/Developer/repos/2015-monsters-hackathon/server/neo4j-community-2.2.0/system/lib/slf4j-api-1.7.7.jar
2015-04-02 17:09:15.037+0000 INFO  [o.n.k.i.DiagnosticsManager]:  [classpath + loader.0] file:/Users/kertze1/Developer/repos/2015-monsters-hackathon/server/neo4j-community-2.2.0/lib/parboiled-scala_2.10-1.1.6.jar
2015-04-02 17:09:15.037+0000 INFO  [o.n.k.i.DiagnosticsManager]:  [loader.1] file:/Library/Java/JavaVirtualMachines/jdk1.7.0_75.jdk/Contents/Home/jre/lib/ext/zipfs.jar
2015-04-02 17:09:15.037+0000 INFO  [o.n.k.i.DiagnosticsManager]:  [classpath + loader.0] file:/Users/kertze1/Developer/repos/2015-monsters-hackathon/server/neo4j-community-2.2.0/lib/neo4j-cypher-compiler-1.9-2.0.4.jar
2015-04-02 17:09:15.037+0000 INFO  [o.n.k.i.DiagnosticsManager]:  [loader.1] file:/Library/Java/JavaVirtualMachines/jdk1.7.0_75.jdk/Contents/Home/jre/lib/ext/localedata.jar
2015-04-02 17:09:15.037+0000 INFO  [o.n.k.i.DiagnosticsManager]:  [classpath + loader.0] file:/Users/kertze1/Developer/repos/2015-monsters-hackathon/server/neo4j-community-2.2.0/system/lib/logback-access-1.1.2.jar
2015-04-02 17:09:15.037+0000 INFO  [o.n.k.i.DiagnosticsManager]:  [classpath + loader.0] file:/Users/kertze1/Developer/repos/2015-monsters-hackathon/server/neo4j-community-2.2.0/lib/neo4j-udc-2.2.0.jar
2015-04-02 17:09:15.037+0000 INFO  [o.n.k.i.DiagnosticsManager]:  [classpath + loader.0] file:/Users/kertze1/Developer/repos/2015-monsters-hackathon/server/neo4j-community-2.2.0/lib/neo4j-primitive-collections-2.2.0.jar
2015-04-02 17:09:15.037+0000 INFO  [o.n.k.i.DiagnosticsManager]:  [classpath + loader.0] file:/Users/kertze1/Developer/repos/2015-monsters-hackathon/server/neo4j-community-2.2.0/lib/neo4j-graph-matching-2.2.0.jar
2015-04-02 17:09:15.037+0000 INFO  [o.n.k.i.DiagnosticsManager]:  [bootstrap] /Library/Java/JavaVirtualMachines/jdk1.7.0_75.jdk/Contents/Home/jre/classes
2015-04-02 17:09:15.037+0000 INFO  [o.n.k.i.DiagnosticsManager]:  [classpath + loader.0] file:/Users/kertze1/Developer/repos/2015-monsters-hackathon/server/neo4j-community-2.2.0/system/lib/javax.servlet-api-3.1.0.jar
2015-04-02 17:09:15.037+0000 INFO  [o.n.k.i.DiagnosticsManager]:  [classpath + loader.0] file:/Users/kertze1/Developer/repos/2015-monsters-hackathon/server/neo4j-community-2.2.0/system/lib/commons-logging-1.1.1.jar
2015-04-02 17:09:15.037+0000 INFO  [o.n.k.i.DiagnosticsManager]:  [classpath + loader.0] file:/Users/kertze1/Developer/repos/2015-monsters-hackathon/server/neo4j-community-2.2.0/system/lib/neo4j-server-2.2.0.jar
2015-04-02 17:09:15.037+0000 INFO  [o.n.k.i.DiagnosticsManager]:  [classpath + loader.0] file:/Users/kertze1/Developer/repos/2015-monsters-hackathon/server/neo4j-community-2.2.0/lib/scala-library-2.10.4.jar
2015-04-02 17:09:15.037+0000 INFO  [o.n.k.i.DiagnosticsManager]:  [loader.1] file:/Library/Java/JavaVirtualMachines/jdk1.7.0_75.jdk/Contents/Home/jre/lib/ext/sunpkcs11.jar
2015-04-02 17:09:15.037+0000 INFO  [o.n.k.i.DiagnosticsManager]:  [classpath + loader.0] file:/Users/kertze1/Developer/repos/2015-monsters-hackathon/server/neo4j-community-2.2.0/system/lib/rhino-1.7R4.jar
2015-04-02 17:09:15.037+0000 INFO  [o.n.k.i.DiagnosticsManager]:  [classpath + loader.0] file:/Users/kertze1/Developer/repos/2015-monsters-hackathon/server/neo4j-community-2.2.0/system/lib/jetty-security-9.2.4.v20141103.jar
2015-04-02 17:09:15.037+0000 INFO  [o.n.k.i.DiagnosticsManager]:  [classpath + loader.0] file:/Users/kertze1/Developer/repos/2015-monsters-hackathon/server/neo4j-community-2.2.0/lib/opencsv-2.3.jar
2015-04-02 17:09:15.037+0000 INFO  [o.n.k.i.DiagnosticsManager]:  [loader.1] file:/System/Library/Java/Extensions/AppleScriptEngine.jar
2015-04-02 17:09:15.037+0000 INFO  [o.n.k.i.DiagnosticsManager]:  [classpath + loader.0] file:/Users/kertze1/Developer/repos/2015-monsters-hackathon/server/neo4j-community-2.2.0/lib/neo4j-cypher-2.2.0.jar
2015-04-02 17:09:15.037+0000 INFO  [o.n.k.i.DiagnosticsManager]:  [classpath + loader.0] file:/Users/kertze1/Developer/repos/2015-monsters-hackathon/server/neo4j-community-2.2.0/system/lib/logback-core-1.1.2.jar
2015-04-02 17:09:15.037+0000 INFO  [o.n.k.i.DiagnosticsManager]:  [classpath + loader.0] file:/Users/kertze1/Developer/repos/2015-monsters-hackathon/server/neo4j-community-2.2.0/lib/neo4j-lucene-index-2.2.0.jar
2015-04-02 17:09:15.037+0000 INFO  [o.n.k.i.DiagnosticsManager]: Library path:
2015-04-02 17:09:15.038+0000 INFO  [o.n.k.i.DiagnosticsManager]: /Users/kertze1/Library/Java/Extensions
2015-04-02 17:09:15.038+0000 INFO  [o.n.k.i.DiagnosticsManager]: /Library/Java/Extensions
2015-04-02 17:09:15.038+0000 INFO  [o.n.k.i.DiagnosticsManager]: /Network/Library/Java/Extensions
2015-04-02 17:09:15.038+0000 INFO  [o.n.k.i.DiagnosticsManager]: /System/Library/Java/Extensions
2015-04-02 17:09:15.038+0000 INFO  [o.n.k.i.DiagnosticsManager]: /usr/lib/java
2015-04-02 17:09:15.038+0000 INFO  [o.n.k.i.DiagnosticsManager]: /Users/kertze1/Developer/repos/2015-monsters-hackathon/server/neo4j-community-2.2.0
2015-04-02 17:09:15.038+0000 INFO  [o.n.k.i.DiagnosticsManager]: System.properties:
2015-04-02 17:09:15.039+0000 INFO  [o.n.k.i.DiagnosticsManager]: sun.boot.library.path = /Library/Java/JavaVirtualMachines/jdk1.7.0_75.jdk/Contents/Home/jre/lib
2015-04-02 17:09:15.039+0000 INFO  [o.n.k.i.DiagnosticsManager]: org.neo4j.server.properties = conf/neo4j-server.properties
2015-04-02 17:09:15.039+0000 INFO  [o.n.k.i.DiagnosticsManager]: gopherProxySet = false
2015-04-02 17:09:15.039+0000 INFO  [o.n.k.i.DiagnosticsManager]: path.separator = :
2015-04-02 17:09:15.039+0000 INFO  [o.n.k.i.DiagnosticsManager]: file.encoding.pkg = sun.io
2015-04-02 17:09:15.039+0000 INFO  [o.n.k.i.DiagnosticsManager]: user.country = US
2015-04-02 17:09:15.039+0000 INFO  [o.n.k.i.DiagnosticsManager]: sun.java.launcher = SUN_STANDARD
2015-04-02 17:09:15.039+0000 INFO  [o.n.k.i.DiagnosticsManager]: sun.os.patch.level = unknown
2015-04-02 17:09:15.039+0000 INFO  [o.n.k.i.DiagnosticsManager]: user.dir = /Users/kertze1/Developer/repos/2015-monsters-hackathon/server/neo4j-community-2.2.0
2015-04-02 17:09:15.039+0000 INFO  [o.n.k.i.DiagnosticsManager]: neo4j.ext.udc.source = tarball
2015-04-02 17:09:15.039+0000 INFO  [o.n.k.i.DiagnosticsManager]: log4j.configuration = file:conf/log4j.properties
2015-04-02 17:09:15.039+0000 INFO  [o.n.k.i.DiagnosticsManager]: sun.jnu.encoding = UTF-8
2015-04-02 17:09:15.039+0000 INFO  [o.n.k.i.DiagnosticsManager]: sun.management.compiler = HotSpot 64-Bit Tiered Compilers
2015-04-02 17:09:15.039+0000 INFO  [o.n.k.i.DiagnosticsManager]: http.nonProxyHosts = local|*.local|169.254/16|*.169.254/16
2015-04-02 17:09:15.039+0000 INFO  [o.n.k.i.DiagnosticsManager]: user.home = /Users/kertze1
2015-04-02 17:09:15.039+0000 INFO  [o.n.k.i.DiagnosticsManager]: user.timezone = America/New_York
2015-04-02 17:09:15.039+0000 INFO  [o.n.k.i.DiagnosticsManager]: file.encoding = UTF-8
2015-04-02 17:09:15.039+0000 INFO  [o.n.k.i.DiagnosticsManager]: user.name = kertze1
2015-04-02 17:09:15.039+0000 INFO  [o.n.k.i.DiagnosticsManager]: sun.java.command = org.neo4j.server.Bootstrapper
2015-04-02 17:09:15.039+0000 INFO  [o.n.k.i.DiagnosticsManager]: sun.arch.data.model = 64
2015-04-02 17:09:15.040+0000 INFO  [o.n.k.i.DiagnosticsManager]: user.language = en
2015-04-02 17:09:15.040+0000 INFO  [o.n.k.i.DiagnosticsManager]: awt.toolkit = sun.lwawt.macosx.LWCToolkit
2015-04-02 17:09:15.040+0000 INFO  [o.n.k.i.DiagnosticsManager]: file.separator = /
2015-04-02 17:09:15.040+0000 INFO  [o.n.k.i.DiagnosticsManager]: sun.io.unicode.encoding = UnicodeBig
2015-04-02 17:09:15.040+0000 INFO  [o.n.k.i.DiagnosticsManager]: sun.cpu.endian = little
2015-04-02 17:09:15.040+0000 INFO  [o.n.k.i.DiagnosticsManager]: socksNonProxyHosts = local|*.local|169.254/16|*.169.254/16
2015-04-02 17:09:15.040+0000 INFO  [o.n.k.i.DiagnosticsManager]: neo4j.instance = /Users/kertze1/Developer/repos/2015-monsters-hackathon/server/neo4j-community-2.2.0
2015-04-02 17:09:15.040+0000 INFO  [o.n.k.i.DiagnosticsManager]: ftp.nonProxyHosts = local|*.local|169.254/16|*.169.254/16
2015-04-02 17:09:15.040+0000 INFO  [o.n.k.i.DiagnosticsManager]: neo4j.home = /Users/kertze1/Developer/repos/2015-monsters-hackathon/server/neo4j-community-2.2.0
2015-04-02 17:09:15.040+0000 INFO  [o.n.k.i.DiagnosticsManager]: sun.cpu.isalist = 
2015-04-02 17:09:15.040+0000 INFO  [o.n.k.i.DiagnosticsManager]: Network information:
2015-04-02 17:09:15.044+0000 INFO  [o.n.k.i.DiagnosticsManager]: Interface en0:
2015-04-02 17:09:15.044+0000 INFO  [o.n.k.i.DiagnosticsManager]:     address: fe80:0:0:0:62f8:1dff:feae:2ed6%4
2015-04-02 17:09:15.044+0000 INFO  [o.n.k.i.DiagnosticsManager]:     address: 10.20.109.108
2015-04-02 17:09:15.044+0000 INFO  [o.n.k.i.DiagnosticsManager]: Interface lo0:
2015-04-02 17:09:15.045+0000 INFO  [o.n.k.i.DiagnosticsManager]:     address: fe80:0:0:0:0:0:0:1%1
2015-04-02 17:09:15.045+0000 INFO  [o.n.k.i.DiagnosticsManager]:     address: 0:0:0:0:0:0:0:1
2015-04-02 17:09:15.045+0000 INFO  [o.n.k.i.DiagnosticsManager]:     address: 127.0.0.1
2015-04-02 17:09:15.045+0000 INFO  [o.n.k.i.DiagnosticsManager]: --- INITIALIZED diagnostics END ---
2015-04-02 17:09:15.264+0000 INFO  [o.n.k.i.s.StoreFactory]: Creating new db @ /Users/kertze1/Developer/repos/2015-monsters-hackathon/server/neo4j-community-2.2.0/data/graph.db/neostore
2015-04-02 17:09:15.528+0000 INFO  [o.n.k.a.i.i.LuceneLabelScanStore]: No lucene scan store index found, this might just be first use. Preparing to rebuild.
2015-04-02 17:09:15.560+0000 INFO  [o.n.k.a.i.i.LuceneLabelScanStore]: No lucene scan store index found, this might just be first use. Preparing to rebuild.
2015-04-02 17:09:15.634+0000 INFO  [o.n.k.NeoStoreDataSource]: Opened logical log [/Users/kertze1/Developer/repos/2015-monsters-hackathon/server/neo4j-community-2.2.0/data/graph.db/neostore.transaction.db.0] version=0, lastTxId=1 (clean)
2015-04-02 17:09:15.640+0000 WARN  [o.n.k.i.s.StoreFactory]: Missing counts store, rebuilding it.
2015-04-02 17:09:15.732+0000 INFO  [o.n.k.a.i.i.LuceneLabelScanStore]: Rebuilding lucene scan store, this may take a while
2015-04-02 17:09:15.734+0000 INFO  [o.n.k.a.i.i.LuceneLabelScanStore]: Lucene scan store rebuilt (roughly -1 nodes)
2015-04-02 17:09:16.587+0000 INFO  [o.n.k.i.DiagnosticsManager]: --- STARTED diagnostics for KernelDiagnostics:Versions START ---
2015-04-02 17:09:16.587+0000 INFO  [o.n.k.i.DiagnosticsManager]: Graph Database: org.neo4j.kernel.EmbeddedGraphDatabase StoreId{creationTime=1427994555263, randomId=3150184618083503103, storeVersion=14969031248344582, upgradeTime=1427994555263, upgradeId=1}
2015-04-02 17:09:16.587+0000 INFO  [o.n.k.i.DiagnosticsManager]: Kernel version: Neo4j - Graph Database Kernel (neo4j-kernel), version: 2.2.0
2015-04-02 17:09:16.587+0000 INFO  [o.n.k.i.DiagnosticsManager]: Neo4j component versions:
2015-04-02 17:09:16.594+0000 INFO  [o.n.k.i.DiagnosticsManager]:   Neo4j - Lucene Index (neo4j-lucene-index), version: 2.2.0; revision: 2.2.0:master:839/5b872e0e68ed041822003b69052c04a50125e471
2015-04-02 17:09:16.594+0000 INFO  [o.n.k.i.DiagnosticsManager]:   Neo4j - JMX support (neo4j-jmx), version: 2.2.0; revision: 2.2.0:master:839/5b872e0e68ed041822003b69052c04a50125e471
2015-04-02 17:09:16.594+0000 INFO  [o.n.k.i.DiagnosticsManager]:   Neo4j - Graph Matching (neo4j-graph-matching), version: 2.2.0; revision: 2.2.0:master:839/5b872e0e68ed041822003b69052c04a50125e471
2015-04-02 17:09:16.594+0000 INFO  [o.n.k.i.DiagnosticsManager]:   Neo4j - Cypher Compiler 2.1 (neo4j-cypher-compiler-2.1), version: 2.1.6; revision: 2.1.6:2.1-maint:605/0d7f25fc608f15c54ec1a01f4ba4564ebfb1071a
2015-04-02 17:09:16.594+0000 INFO  [o.n.k.i.DiagnosticsManager]:   Neo4j - Server API (server-api), version: 2.2.0; revision: 2.2.0:master:839/5b872e0e68ed041822003b69052c04a50125e471
2015-04-02 17:09:16.594+0000 INFO  [o.n.k.i.DiagnosticsManager]:   Neo4j - Import Command Line Tool (neo4j-import-tool), version: 2.2.0; revision: 2.2.0:master:839/5b872e0e68ed041822003b69052c04a50125e471
2015-04-02 17:09:16.594+0000 INFO  [o.n.k.i.DiagnosticsManager]:   Neo4j - Graph Database Kernel (neo4j-kernel), version: 2.2.0; revision: 2.2.0:master:839/5b872e0e68ed041822003b69052c04a50125e471
2015-04-02 17:09:16.594+0000 INFO  [o.n.k.i.DiagnosticsManager]:   Neo4j - Cypher (neo4j-cypher), version: 2.2.0; revision: 2.2.0:master:839/5b872e0e68ed041822003b69052c04a50125e471
2015-04-02 17:09:16.594+0000 INFO  [o.n.k.i.DiagnosticsManager]:   Neo4j - Server (neo4j-server), version: 2.2.0; revision: 2.2.0:master:839/5b872e0e68ed041822003b69052c04a50125e471
2015-04-02 17:09:16.594+0000 INFO  [o.n.k.i.DiagnosticsManager]:   Neo4j - Graph Algorithms (neo4j-graph-algo), version: 2.2.0; revision: 2.2.0:master:839/5b872e0e68ed041822003b69052c04a50125e471
2015-04-02 17:09:16.594+0000 INFO  [o.n.k.i.DiagnosticsManager]:   Neo4j - Cypher Compiler 2.2 (neo4j-cypher-compiler-2.2), version: 2.2.0; revision: 2.2.0:master:839/5b872e0e68ed041822003b69052c04a50125e471
2015-04-02 17:09:16.594+0000 INFO  [o.n.k.i.DiagnosticsManager]:   Neo4j - Cypher Compiler 2.0 (neo4j-cypher-compiler-2.0), version: 2.0.4; revision: 2.0.4:2.0-maint:130/4a7d10bc274a5d26a180bbe9df25100e8a694748
2015-04-02 17:09:16.594+0000 INFO  [o.n.k.i.DiagnosticsManager]:   Neo4j - Consistency Checker (neo4j-consistency-check), version: 2.2.0; revision: 2.2.0:master:839/5b872e0e68ed041822003b69052c04a50125e471
2015-04-02 17:09:16.594+0000 INFO  [o.n.k.i.DiagnosticsManager]:   Neo4j - Generic shell (neo4j-shell), version: 2.2.0; revision: 2.2.0:master:839/5b872e0e68ed041822003b69052c04a50125e471
2015-04-02 17:09:16.594+0000 INFO  [o.n.k.i.DiagnosticsManager]:   Neo4j - Cypher Compiler 1.9 (neo4j-cypher-compiler-1.9), version: 2.0.4; revision: 2.0.4:2.0-maint:130/4a7d10bc274a5d26a180bbe9df25100e8a694748
2015-04-02 17:09:16.594+0000 INFO  [o.n.k.i.DiagnosticsManager]:   neo4j-udc, version: 2.2.0; revision: 2.2.0:master:839/5b872e0e68ed041822003b69052c04a50125e471
2015-04-02 17:09:16.594+0000 INFO  [o.n.k.i.DiagnosticsManager]: --- STARTED diagnostics for KernelDiagnostics:Versions END ---
2015-04-02 17:09:16.596+0000 INFO  [o.n.k.i.DiagnosticsManager]: --- STARTED diagnostics for NEO_STORE_VERSIONS START ---
2015-04-02 17:09:16.596+0000 INFO  [o.n.k.i.DiagnosticsManager]: Store versions:
2015-04-02 17:09:16.596+0000 INFO  [o.n.k.i.DiagnosticsManager]: Store versions:
2015-04-02 17:09:16.596+0000 INFO  [o.n.k.i.DiagnosticsManager]:   NeoStore v0.A.5
2015-04-02 17:09:16.596+0000 INFO  [o.n.k.i.DiagnosticsManager]:   SchemaStore v0.A.5
2015-04-02 17:09:16.596+0000 INFO  [o.n.k.i.DiagnosticsManager]:   NodeStore v0.A.5
2015-04-02 17:09:16.596+0000 INFO  [o.n.k.i.DiagnosticsManager]:   RelationshipStore v0.A.5
2015-04-02 17:09:16.596+0000 INFO  [o.n.k.i.DiagnosticsManager]:   RelationshipTypeStore v0.A.5
2015-04-02 17:09:16.596+0000 INFO  [o.n.k.i.DiagnosticsManager]:   LabelTokenStore v0.A.5
2015-04-02 17:09:16.596+0000 INFO  [o.n.k.i.DiagnosticsManager]:   PropertyStore v0.A.5
2015-04-02 17:09:16.596+0000 INFO  [o.n.k.i.DiagnosticsManager]:   PropertyIndexStore v0.A.5
2015-04-02 17:09:16.596+0000 INFO  [o.n.k.i.DiagnosticsManager]:   StringPropertyStore v0.A.5
2015-04-02 17:09:16.597+0000 INFO  [o.n.k.i.DiagnosticsManager]:   ArrayPropertyStore v0.A.5
2015-04-02 17:09:16.597+0000 INFO  [o.n.k.i.DiagnosticsManager]:   RelationshipGroupStore v0.A.5
2015-04-02 17:09:16.597+0000 INFO  [o.n.k.i.DiagnosticsManager]: --- STARTED diagnostics for NEO_STORE_VERSIONS END ---
2015-04-02 17:09:16.597+0000 INFO  [o.n.k.i.DiagnosticsManager]: --- STARTED diagnostics for NEO_STORE_ID_USAGE START ---
2015-04-02 17:09:16.597+0000 INFO  [o.n.k.i.DiagnosticsManager]: Id usage:
2015-04-02 17:09:16.597+0000 INFO  [o.n.k.i.DiagnosticsManager]: Id usage:
2015-04-02 17:09:16.597+0000 INFO  [o.n.k.i.DiagnosticsManager]:   SchemaStore: used=1 high=0
2015-04-02 17:09:16.597+0000 INFO  [o.n.k.i.DiagnosticsManager]:   NodeStore: used=0 high=-1
2015-04-02 17:09:16.597+0000 INFO  [o.n.k.i.DiagnosticsManager]:   RelationshipStore: used=0 high=-1
2015-04-02 17:09:16.597+0000 INFO  [o.n.k.i.DiagnosticsManager]:   RelationshipTypeStore: used=0 high=-1
2015-04-02 17:09:16.597+0000 INFO  [o.n.k.i.DiagnosticsManager]:   LabelTokenStore: used=0 high=-1
2015-04-02 17:09:16.597+0000 INFO  [o.n.k.i.DiagnosticsManager]:   PropertyStore: used=0 high=-1
2015-04-02 17:09:16.597+0000 INFO  [o.n.k.i.DiagnosticsManager]:   PropertyIndexStore: used=0 high=-1
2015-04-02 17:09:16.598+0000 INFO  [o.n.k.i.DiagnosticsManager]:   StringPropertyStore: used=1 high=0
2015-04-02 17:09:16.598+0000 INFO  [o.n.k.i.DiagnosticsManager]:   ArrayPropertyStore: used=1 high=0
2015-04-02 17:09:16.598+0000 INFO  [o.n.k.i.DiagnosticsManager]:   RelationshipGroupStore: used=1 high=0
2015-04-02 17:09:16.598+0000 INFO  [o.n.k.i.DiagnosticsManager]: --- STARTED diagnostics for NEO_STORE_ID_USAGE END ---
2015-04-02 17:09:16.598+0000 INFO  [o.n.k.i.DiagnosticsManager]: --- STARTED diagnostics for KernelDiagnostics:StoreFiles START ---
2015-04-02 17:09:16.598+0000 INFO  [o.n.k.i.DiagnosticsManager]: Disk space on partition (Total / Free / Free %): 249490432000 / 144919416832 / 58
Storage files: (filename : modification date - size)
2015-04-02 17:09:16.599+0000 INFO  [o.n.k.i.DiagnosticsManager]:   index:
2015-04-02 17:09:16.599+0000 INFO  [o.n.k.i.DiagnosticsManager]:   - Total: 2015-04-02T13:09:15-0400 - 0.00 B
2015-04-02 17:09:16.599+0000 INFO  [o.n.k.i.DiagnosticsManager]:   lock: 2015-04-02T13:09:15-0400 - 0.00 B
2015-04-02 17:09:16.600+0000 INFO  [o.n.k.i.DiagnosticsManager]:   messages.log: 2015-04-02T13:09:16-0400 - 36.20 kB
2015-04-02 17:09:16.600+0000 INFO  [o.n.k.i.DiagnosticsManager]:   neostore: 2015-04-02T13:09:15-0400 - 99.00 B
2015-04-02 17:09:16.600+0000 INFO  [o.n.k.i.DiagnosticsManager]:   neostore.counts.db.a: 2015-04-02T13:09:15-0400 - 114.00 B
2015-04-02 17:09:16.600+0000 INFO  [o.n.k.i.DiagnosticsManager]:   neostore.id: 2015-04-02T13:09:15-0400 - 9.00 B
2015-04-02 17:09:16.600+0000 INFO  [o.n.k.i.DiagnosticsManager]:   neostore.labeltokenstore.db: 2015-04-02T13:09:15-0400 - 0.00 B
2015-04-02 17:09:16.600+0000 INFO  [o.n.k.i.DiagnosticsManager]:   neostore.labeltokenstore.db.id: 2015-04-02T13:09:15-0400 - 9.00 B
2015-04-02 17:09:16.601+0000 INFO  [o.n.k.i.DiagnosticsManager]:   neostore.labeltokenstore.db.names: 2015-04-02T13:09:15-0400 - 38.00 B
2015-04-02 17:09:16.601+0000 INFO  [o.n.k.i.DiagnosticsManager]:   neostore.labeltokenstore.db.names.id: 2015-04-02T13:09:15-0400 - 9.00 B
2015-04-02 17:09:16.601+0000 INFO  [o.n.k.i.DiagnosticsManager]:   neostore.nodestore.db: 2015-04-02T13:09:15-0400 - 0.00 B
2015-04-02 17:09:16.601+0000 INFO  [o.n.k.i.DiagnosticsManager]:   neostore.nodestore.db.id: 2015-04-02T13:09:15-0400 - 9.00 B
2015-04-02 17:09:16.601+0000 INFO  [o.n.k.i.DiagnosticsManager]:   neostore.nodestore.db.labels: 2015-04-02T13:09:15-0400 - 68.00 B
2015-04-02 17:09:16.602+0000 INFO  [o.n.k.i.DiagnosticsManager]:   neostore.nodestore.db.labels.id: 2015-04-02T13:09:15-0400 - 9.00 B
2015-04-02 17:09:16.602+0000 INFO  [o.n.k.i.DiagnosticsManager]:   neostore.propertystore.db: 2015-04-02T13:09:15-0400 - 0.00 B
2015-04-02 17:09:16.602+0000 INFO  [o.n.k.i.DiagnosticsManager]:   neostore.propertystore.db.arrays: 2015-04-02T13:09:15-0400 - 128.00 B
2015-04-02 17:09:16.602+0000 INFO  [o.n.k.i.DiagnosticsManager]:   neostore.propertystore.db.arrays.id: 2015-04-02T13:09:15-0400 - 9.00 B
2015-04-02 17:09:16.602+0000 INFO  [o.n.k.i.DiagnosticsManager]:   neostore.propertystore.db.id: 2015-04-02T13:09:15-0400 - 9.00 B
2015-04-02 17:09:16.603+0000 INFO  [o.n.k.i.DiagnosticsManager]:   neostore.propertystore.db.index: 2015-04-02T13:09:15-0400 - 0.00 B
2015-04-02 17:09:16.603+0000 INFO  [o.n.k.i.DiagnosticsManager]:   neostore.propertystore.db.index.id: 2015-04-02T13:09:15-0400 - 9.00 B
2015-04-02 17:09:16.603+0000 INFO  [o.n.k.i.DiagnosticsManager]:   neostore.propertystore.db.index.keys: 2015-04-02T13:09:15-0400 - 38.00 B
2015-04-02 17:09:16.603+0000 INFO  [o.n.k.i.DiagnosticsManager]:   neostore.propertystore.db.index.keys.id: 2015-04-02T13:09:15-0400 - 9.00 B
2015-04-02 17:09:16.603+0000 INFO  [o.n.k.i.DiagnosticsManager]:   neostore.propertystore.db.strings: 2015-04-02T13:09:15-0400 - 128.00 B
2015-04-02 17:09:16.604+0000 INFO  [o.n.k.i.DiagnosticsManager]:   neostore.propertystore.db.strings.id: 2015-04-02T13:09:15-0400 - 9.00 B
2015-04-02 17:09:16.604+0000 INFO  [o.n.k.i.DiagnosticsManager]:   neostore.relationshipgroupstore.db: 2015-04-02T13:09:15-0400 - 25.00 B
2015-04-02 17:09:16.604+0000 INFO  [o.n.k.i.DiagnosticsManager]:   neostore.relationshipgroupstore.db.id: 2015-04-02T13:09:15-0400 - 9.00 B
2015-04-02 17:09:16.604+0000 INFO  [o.n.k.i.DiagnosticsManager]:   neostore.relationshipstore.db: 2015-04-02T13:09:15-0400 - 0.00 B
2015-04-02 17:09:16.604+0000 INFO  [o.n.k.i.DiagnosticsManager]:   neostore.relationshipstore.db.id: 2015-04-02T13:09:15-0400 - 9.00 B
2015-04-02 17:09:16.605+0000 INFO  [o.n.k.i.DiagnosticsManager]:   neostore.relationshiptypestore.db: 2015-04-02T13:09:15-0400 - 0.00 B
2015-04-02 17:09:16.605+0000 INFO  [o.n.k.i.DiagnosticsManager]:   neostore.relationshiptypestore.db.id: 2015-04-02T13:09:15-0400 - 9.00 B
2015-04-02 17:09:16.605+0000 INFO  [o.n.k.i.DiagnosticsManager]:   neostore.relationshiptypestore.db.names: 2015-04-02T13:09:15-0400 - 38.00 B
2015-04-02 17:09:16.605+0000 INFO  [o.n.k.i.DiagnosticsManager]:   neostore.relationshiptypestore.db.names.id: 2015-04-02T13:09:15-0400 - 9.00 B
2015-04-02 17:09:16.605+0000 INFO  [o.n.k.i.DiagnosticsManager]:   neostore.schemastore.db: 2015-04-02T13:09:15-0400 - 64.00 B
2015-04-02 17:09:16.606+0000 INFO  [o.n.k.i.DiagnosticsManager]:   neostore.schemastore.db.id: 2015-04-02T13:09:15-0400 - 9.00 B
2015-04-02 17:09:16.606+0000 INFO  [o.n.k.i.DiagnosticsManager]:   neostore.transaction.db.0: 2015-04-02T13:09:15-0400 - 16.00 B
2015-04-02 17:09:16.606+0000 INFO  [o.n.k.i.DiagnosticsManager]:   schema:
2015-04-02 17:09:16.606+0000 INFO  [o.n.k.i.DiagnosticsManager]:     label:
2015-04-02 17:09:16.606+0000 INFO  [o.n.k.i.DiagnosticsManager]:       lucene:
2015-04-02 17:09:16.606+0000 INFO  [o.n.k.i.DiagnosticsManager]:         write.lock: 2015-04-02T13:09:15-0400 - 0.00 B
2015-04-02 17:09:16.606+0000 INFO  [o.n.k.i.DiagnosticsManager]:       - Total: 2015-04-02T13:09:15-0400 - 0.00 B
2015-04-02 17:09:16.607+0000 INFO  [o.n.k.i.DiagnosticsManager]:     - Total: 2015-04-02T13:09:15-0400 - 0.00 B
2015-04-02 17:09:16.607+0000 INFO  [o.n.k.i.DiagnosticsManager]:   - Total: 2015-04-02T13:09:15-0400 - 0.00 B
2015-04-02 17:09:16.607+0000 INFO  [o.n.k.i.DiagnosticsManager]:   store_lock: 2015-04-02T13:09:15-0400 - 0.00 B
2015-04-02 17:09:16.607+0000 INFO  [o.n.k.i.DiagnosticsManager]: --- STARTED diagnostics for KernelDiagnostics:StoreFiles END ---
2015-04-02 17:09:16.650+0000 INFO  [o.n.k.EmbeddedGraphDatabase]: Database is now ready
2015-04-02 17:09:16.650+0000 INFO  [o.n.s.d.LifecycleManagingDatabase]: Successfully started database
2015-04-02 17:09:16.660+0000 INFO  [o.n.k.i.DiagnosticsManager]: --- SERVER STARTED START ---
2015-04-02 17:09:16.723+0000 INFO  [o.n.s.CommunityNeoServer]: Starting HTTP on port :7474 with 8 threads available
2015-04-02 17:09:16.937+0000 INFO  [o.n.s.CommunityNeoServer]: Enabling HTTPS on port :7473
2015-04-02 17:09:16.938+0000 INFO  [o.n.s.CommunityNeoServer]: No SSL certificate found, generating a self-signed certificate..
2015-04-02 17:09:17.332+0000 INFO  [o.n.s.w.Jetty9WebServer]: Mounting static content at [/webadmin] from [webadmin-html]
2015-04-02 17:09:17.382+0000 INFO  [o.n.s.w.Jetty9WebServer]: Mounting static content at [/browser] from [browser]
2015-04-02 17:09:18.636+0000 INFO  [o.n.s.CommunityNeoServer]: Server started on: http://localhost:7474/
2015-04-02 17:09:18.637+0000 INFO  [o.n.s.CommunityNeoServer]: Remote interface ready and available at [http://localhost:7474/]
2015-04-02 17:09:18.637+0000 INFO  [o.n.k.i.DiagnosticsManager]: --- SERVER STARTED END ---
